<?xml version="1.0" encoding="utf-8"?>
<coverage line-rate="0.7198" branch-rate="0.5225" version="1.9" timestamp="1779419106" lines-covered="478" lines-valid="664" branches-covered="347" branches-valid="664">
  <sources>
    <source>/home/runner/work/EdiProcessor/EdiProcessor/src/EdiProcessor.Core/</source>
  </sources>
  <packages>
    <package name="EdiProcessor.Core" line-rate="0.7198" branch-rate="0.5225" complexity="825">
      <classes>
        <class name="EdiProcessor.Core.Services.WatcherSummaryStats" filename="Services/WatcherInterfaces.cs" line-rate="0" branch-rate="1" complexity="5">
          <methods>
            <method name="get_TotalFiles" signature="()" line-rate="0" branch-rate="1" complexity="1">
              <lines>
                <line number="25" hits="0" branch="False" />
              </lines>
            </method>
            <method name="get_Succeeded" signature="()" line-rate="0" branch-rate="1" complexity="1">
              <lines>
                <line number="26" hits="0" branch="False" />
              </lines>
            </method>
            <method name="get_Failed" signature="()" line-rate="0" branch-rate="1" complexity="1">
              <lines>
                <line number="27" hits="0" branch="False" />
              </lines>
            </method>
            <method name="get_Skipped" signature="()" line-rate="0" branch-rate="1" complexity="1">
              <lines>
                <line number="28" hits="0" branch="False" />
              </lines>
            </method>
            <method name="get_LastFileAt" signature="()" line-rate="0" branch-rate="1" complexity="1">
              <lines>
                <line number="29" hits="0" branch="False" />
              </lines>
            </method>
          </methods>
          <lines>
            <line number="25" hits="0" branch="False" />
            <line number="26" hits="0" branch="False" />
            <line number="27" hits="0" branch="False" />
            <line number="28" hits="0" branch="False" />
            <line number="29" hits="0" branch="False" />
          </lines>
        </class>
        <class name="EdiProcessor.Core.Parsers.Ta1Parser" filename="Parsers/AcknowledgmentParsers.cs" line-rate="0.6842" branch-rate="0.2045" complexity="133">
          <methods>
            <method name="Parse" signature="(System.String,System.Int32)" line-rate="1" branch-rate="0.75" complexity="16">
              <lines>
                <line number="15" hits="2" branch="False" />
                <line number="16" hits="2" branch="False" />
                <line number="18" hits="2" branch="False" />
                <line number="19" hits="2" branch="False" />
                <line number="20" hits="3" branch="False" />
                <line number="21" hits="3" branch="False" />
                <line number="22" hits="2" branch="False" />
                <line number="24" hits="2" branch="False" />
                <line number="25" hits="2" branch="False" />
                <line number="26" hits="2" branch="False" />
                <line number="27" hits="2" branch="False" />
                <line number="28" hits="2" branch="False" />
                <line number="29" hits="2" branch="False" />
                <line number="30" hits="2" branch="False" />
                <line number="31" hits="2" branch="False" />
                <line number="33" hits="2" branch="False" />
                <line number="34" hits="2" branch="False" />
                <line number="35" hits="2" branch="False" />
                <line number="36" hits="2" branch="False" />
                <line number="37" hits="2" branch="False" />
                <line number="39" hits="12" branch="True" condition-coverage="100% (2/2)">
                  <conditions>
                    <condition number="486" type="jump" coverage="100%" />
                  </conditions>
                </line>
                <line number="40" hits="3" branch="False" />
                <line number="41" hits="3" branch="False" />
                <line number="42" hits="3" branch="True" condition-coverage="100% (2/2)">
                  <conditions>
                    <condition number="237" type="jump" coverage="100%" />
                  </conditions>
                </line>
                <line number="44" hits="3" branch="True" condition-coverage="100% (4/4)">
                  <conditions>
                    <condition number="271" type="jump" coverage="100%" />
                    <condition number="285" type="jump" coverage="100%" />
                  </conditions>
                </line>
                <line number="47" hits="1" branch="True" condition-coverage="50% (1/2)">
                  <conditions>
                    <condition number="299" type="jump" coverage="50%" />
                  </conditions>
                </line>
                <line number="48" hits="1" branch="False" />
                <line number="52" hits="2" branch="True" condition-coverage="50% (1/2)">
                  <conditions>
                    <condition number="335" type="jump" coverage="50%" />
                  </conditions>
                </line>
                <line number="53" hits="2" branch="True" condition-coverage="50% (1/2)">
                  <conditions>
                    <condition number="365" type="jump" coverage="50%" />
                  </conditions>
                </line>
                <line number="54" hits="2" branch="True" condition-coverage="50% (1/2)">
                  <conditions>
                    <condition number="395" type="jump" coverage="50%" />
                  </conditions>
                </line>
                <line number="55" hits="2" branch="False" />
                <line number="56" hits="2" branch="False" />
                <line number="57" hits="2" branch="False" />
                <line number="58" hits="2" branch="False" />
                <line number="60" hits="3" branch="False" />
                <line number="62" hits="2" branch="False" />
                <line number="63" hits="2" branch="False" />
              </lines>
            </method>
            <method name="GetTa1Description" signature="(System.String,System.String)" line-rate="0.7142000000000001" branch-rate="0.6666" complexity="6">
              <lines>
                <line number="66" hits="2" branch="True" condition-coverage="66.66% (4/6)">
                  <conditions>
                    <condition number="15" type="jump" coverage="100%" />
                    <condition number="28" type="jump" coverage="50%" />
                    <condition number="41" type="jump" coverage="50%" />
                  </conditions>
                </line>
                <line number="67" hits="2" branch="False" />
                <line number="68" hits="1" branch="False" />
                <line number="69" hits="0" branch="False" />
                <line number="70" hits="1" branch="False" />
                <line number="71" hits="0" branch="False" />
                <line number="72" hits="2" branch="False" />
              </lines>
            </method>
            <method name="GetTa1NoteDescription" signature="(System.String)" line-rate="0.15380000000000002" branch-rate="0.049" complexity="102">
              <lines>
                <line number="75" hits="1" branch="True" condition-coverage="4.9% (5/102)">
                  <conditions>
                    <condition number="17" type="jump" coverage="50%" />
                    <condition number="28" type="jump" coverage="50%" />
                    <condition number="36" type="jump" coverage="50%" />
                    <condition number="44" type="jump" coverage="0%" />
                    <condition number="73" type="jump" coverage="50%" />
                    <condition number="86" type="jump" coverage="0%" />
                    <condition number="115" type="jump" coverage="0%" />
                    <condition number="123" type="jump" coverage="0%" />
                    <condition number="136" type="jump" coverage="0%" />
                    <condition number="165" type="jump" coverage="0%" />
                    <condition number="178" type="jump" coverage="0%" />
                    <condition number="207" type="jump" coverage="0%" />
                    <condition number="215" type="jump" coverage="0%" />
                    <condition number="223" type="jump" coverage="0%" />
                    <condition number="252" type="jump" coverage="0%" />
                    <condition number="265" type="jump" coverage="0%" />
                    <condition number="294" type="jump" coverage="0%" />
                    <condition number="302" type="jump" coverage="0%" />
                    <condition number="315" type="jump" coverage="0%" />
                    <condition number="341" type="jump" coverage="0%" />
                    <condition number="351" type="jump" coverage="0%" />
                    <condition number="328" type="jump" coverage="0%" />
                    <condition number="361" type="jump" coverage="0%" />
                    <condition number="278" type="jump" coverage="0%" />
                    <condition number="236" type="jump" coverage="0%" />
                    <condition number="149" type="jump" coverage="0%" />
                    <condition number="191" type="jump" coverage="0%" />
                    <condition number="99" type="jump" coverage="0%" />
                    <condition number="57" type="jump" coverage="0%" />
                    <condition number="379" type="jump" coverage="0%" />
                    <condition number="400" type="jump" coverage="0%" />
                    <condition number="421" type="jump" coverage="0%" />
                    <condition number="442" type="jump" coverage="0%" />
                    <condition number="463" type="jump" coverage="0%" />
                    <condition number="484" type="jump" coverage="0%" />
                    <condition number="505" type="jump" coverage="0%" />
                    <condition number="526" type="jump" coverage="0%" />
                    <condition number="547" type="jump" coverage="0%" />
                    <condition number="568" type="jump" coverage="0%" />
                    <condition number="589" type="jump" coverage="0%" />
                    <condition number="610" type="jump" coverage="0%" />
                    <condition number="631" type="jump" coverage="0%" />
                    <condition number="652" type="jump" coverage="0%" />
                    <condition number="673" type="jump" coverage="0%" />
                    <condition number="694" type="jump" coverage="0%" />
                    <condition number="715" type="jump" coverage="0%" />
                    <condition number="736" type="jump" coverage="0%" />
                    <condition number="757" type="jump" coverage="0%" />
                    <condition number="778" type="jump" coverage="50%" />
                    <condition number="799" type="jump" coverage="0%" />
                    <condition number="820" type="jump" coverage="0%" />
                  </conditions>
                </line>
                <line number="76" hits="1" branch="False" />
                <line number="77" hits="0" branch="False" />
                <line number="78" hits="0" branch="False" />
                <line number="79" hits="0" branch="False" />
                <line number="80" hits="0" branch="False" />
                <line number="81" hits="0" branch="False" />
                <line number="82" hits="0" branch="False" />
                <line number="83" hits="0" branch="False" />
                <line number="84" hits="0" branch="False" />
                <line number="85" hits="0" branch="False" />
                <line number="86" hits="0" branch="False" />
                <line number="87" hits="0" branch="False" />
                <line number="88" hits="0" branch="False" />
                <line number="89" hits="0" branch="False" />
                <line number="90" hits="0" branch="False" />
                <line number="91" hits="0" branch="False" />
                <line number="92" hits="0" branch="False" />
                <line number="93" hits="0" branch="False" />
                <line number="94" hits="0" branch="False" />
                <line number="95" hits="0" branch="False" />
                <line number="96" hits="1" branch="False" />
                <line number="97" hits="0" branch="False" />
                <line number="98" hits="0" branch="False" />
                <line number="99" hits="0" branch="False" />
                <line number="100" hits="1" branch="False" />
              </lines>
            </method>
            <method name="MapAckCodeToStatus" signature="(System.String)" line-rate="1" branch-rate="0.6666" complexity="6">
              <lines>
                <line number="103" hits="4" branch="True" condition-coverage="66.66% (4/6)">
                  <conditions>
                    <condition number="15" type="jump" coverage="100%" />
                    <condition number="28" type="jump" coverage="50%" />
                    <condition number="41" type="jump" coverage="50%" />
                  </conditions>
                </line>
              </lines>
            </method>
            <method name="DetectDelimiters" signature="(System.String)" line-rate="1" branch-rate="1" complexity="2">
              <lines>
                <line number="106" hits="2" branch="False" />
                <line number="107" hits="6" branch="True" condition-coverage="100% (2/2)">
                  <conditions>
                    <condition number="16" type="jump" coverage="100%" />
                  </conditions>
                </line>
                <line number="108" hits="2" branch="False" />
              </lines>
            </method>
            <method name=".ctor" signature="()" line-rate="1" branch-rate="1" complexity="1">
              <lines>
                <line number="11" hits="2" branch="False" />
                <line number="12" hits="2" branch="False" />
              </lines>
            </method>
          </methods>
          <lines>
            <line number="15" hits="2" branch="False" />
            <line number="16" hits="2" branch="False" />
            <line number="18" hits="2" branch="False" />
            <line number="19" hits="2" branch="False" />
            <line number="20" hits="3" branch="False" />
            <line number="21" hits="3" branch="False" />
            <line number="22" hits="2" branch="False" />
            <line number="24" hits="2" branch="False" />
            <line number="25" hits="2" branch="False" />
            <line number="26" hits="2" branch="False" />
            <line number="27" hits="2" branch="False" />
            <line number="28" hits="2" branch="False" />
            <line number="29" hits="2" branch="False" />
            <line number="30" hits="2" branch="False" />
            <line number="31" hits="2" branch="False" />
            <line number="33" hits="2" branch="False" />
            <line number="34" hits="2" branch="False" />
            <line number="35" hits="2" branch="False" />
            <line number="36" hits="2" branch="False" />
            <line number="37" hits="2" branch="False" />
            <line number="39" hits="12" branch="True" condition-coverage="100% (2/2)">
              <conditions>
                <condition number="486" type="jump" coverage="100%" />
              </conditions>
            </line>
            <line number="40" hits="3" branch="False" />
            <line number="41" hits="3" branch="False" />
            <line number="42" hits="3" branch="True" condition-coverage="100% (2/2)">
              <conditions>
                <condition number="237" type="jump" coverage="100%" />
              </conditions>
            </line>
            <line number="44" hits="3" branch="True" condition-coverage="100% (4/4)">
              <conditions>
                <condition number="271" type="jump" coverage="100%" />
                <condition number="285" type="jump" coverage="100%" />
              </conditions>
            </line>
            <line number="47" hits="1" branch="True" condition-coverage="50% (1/2)">
              <conditions>
                <condition number="299" type="jump" coverage="50%" />
              </conditions>
            </line>
            <line number="48" hits="1" branch="False" />
            <line number="52" hits="2" branch="True" condition-coverage="50% (1/2)">
              <conditions>
                <condition number="335" type="jump" coverage="50%" />
              </conditions>
            </line>
            <line number="53" hits="2" branch="True" condition-coverage="50% (1/2)">
              <conditions>
                <condition number="365" type="jump" coverage="50%" />
              </conditions>
            </line>
            <line number="54" hits="2" branch="True" condition-coverage="50% (1/2)">
              <conditions>
                <condition number="395" type="jump" coverage="50%" />
              </conditions>
            </line>
            <line number="55" hits="2" branch="False" />
            <line number="56" hits="2" branch="False" />
            <line number="57" hits="2" branch="False" />
            <line number="58" hits="2" branch="False" />
            <line number="60" hits="3" branch="False" />
            <line number="62" hits="2" branch="False" />
            <line number="63" hits="2" branch="False" />
            <line number="66" hits="2" branch="True" condition-coverage="66.66% (4/6)">
              <conditions>
                <condition number="15" type="jump" coverage="100%" />
                <condition number="28" type="jump" coverage="50%" />
                <condition number="41" type="jump" coverage="50%" />
              </conditions>
            </line>
            <line number="67" hits="2" branch="False" />
            <line number="68" hits="1" branch="False" />
            <line number="69" hits="0" branch="False" />
            <line number="70" hits="1" branch="False" />
            <line number="71" hits="0" branch="False" />
            <line number="72" hits="2" branch="False" />
            <line number="75" hits="1" branch="True" condition-coverage="4.9% (5/102)">
              <conditions>
                <condition number="17" type="jump" coverage="50%" />
                <condition number="28" type="jump" coverage="50%" />
                <condition number="36" type="jump" coverage="50%" />
                <condition number="44" type="jump" coverage="0%" />
                <condition number="73" type="jump" coverage="50%" />
                <condition number="86" type="jump" coverage="0%" />
                <condition number="115" type="jump" coverage="0%" />
                <condition number="123" type="jump" coverage="0%" />
                <condition number="136" type="jump" coverage="0%" />
                <condition number="165" type="jump" coverage="0%" />
                <condition number="178" type="jump" coverage="0%" />
                <condition number="207" type="jump" coverage="0%" />
                <condition number="215" type="jump" coverage="0%" />
                <condition number="223" type="jump" coverage="0%" />
                <condition number="252" type="jump" coverage="0%" />
                <condition number="265" type="jump" coverage="0%" />
                <condition number="294" type="jump" coverage="0%" />
                <condition number="302" type="jump" coverage="0%" />
                <condition number="315" type="jump" coverage="0%" />
                <condition number="341" type="jump" coverage="0%" />
                <condition number="351" type="jump" coverage="0%" />
                <condition number="328" type="jump" coverage="0%" />
                <condition number="361" type="jump" coverage="0%" />
                <condition number="278" type="jump" coverage="0%" />
                <condition number="236" type="jump" coverage="0%" />
                <condition number="149" type="jump" coverage="0%" />
                <condition number="191" type="jump" coverage="0%" />
                <condition number="99" type="jump" coverage="0%" />
                <condition number="57" type="jump" coverage="0%" />
                <condition number="379" type="jump" coverage="0%" />
                <condition number="400" type="jump" coverage="0%" />
                <condition number="421" type="jump" coverage="0%" />
                <condition number="442" type="jump" coverage="0%" />
                <condition number="463" type="jump" coverage="0%" />
                <condition number="484" type="jump" coverage="0%" />
                <condition number="505" type="jump" coverage="0%" />
                <condition number="526" type="jump" coverage="0%" />
                <condition number="547" type="jump" coverage="0%" />
                <condition number="568" type="jump" coverage="0%" />
                <condition number="589" type="jump" coverage="0%" />
                <condition number="610" type="jump" coverage="0%" />
                <condition number="631" type="jump" coverage="0%" />
                <condition number="652" type="jump" coverage="0%" />
                <condition number="673" type="jump" coverage="0%" />
                <condition number="694" type="jump" coverage="0%" />
                <condition number="715" type="jump" coverage="0%" />
                <condition number="736" type="jump" coverage="0%" />
                <condition number="757" type="jump" coverage="0%" />
                <condition number="778" type="jump" coverage="50%" />
                <condition number="799" type="jump" coverage="0%" />
                <condition number="820" type="jump" coverage="0%" />
              </conditions>
            </line>
            <line number="76" hits="1" branch="False" />
            <line number="77" hits="0" branch="False" />
            <line number="78" hits="0" branch="False" />
            <line number="79" hits="0" branch="False" />
            <line number="80" hits="0" branch="False" />
            <line number="81" hits="0" branch="False" />
            <line number="82" hits="0" branch="False" />
            <line number="83" hits="0" branch="False" />
            <line number="84" hits="0" branch="False" />
            <line number="85" hits="0" branch="False" />
            <line number="86" hits="0" branch="False" />
            <line number="87" hits="0" branch="False" />
            <line number="88" hits="0" branch="False" />
            <line number="89" hits="0" branch="False" />
            <line number="90" hits="0" branch="False" />
            <line number="91" hits="0" branch="False" />
            <line number="92" hits="0" branch="False" />
            <line number="93" hits="0" branch="False" />
            <line number="94" hits="0" branch="False" />
            <line number="95" hits="0" branch="False" />
            <line number="96" hits="1" branch="False" />
            <line number="97" hits="0" branch="False" />
            <line number="98" hits="0" branch="False" />
            <line number="99" hits="0" branch="False" />
            <line number="100" hits="1" branch="False" />
            <line number="103" hits="4" branch="True" condition-coverage="66.66% (4/6)">
              <conditions>
                <condition number="15" type="jump" coverage="100%" />
                <condition number="28" type="jump" coverage="50%" />
                <condition number="41" type="jump" coverage="50%" />
              </conditions>
            </line>
            <line number="106" hits="2" branch="False" />
            <line number="107" hits="6" branch="True" condition-coverage="100% (2/2)">
              <conditions>
                <condition number="16" type="jump" coverage="100%" />
              </conditions>
            </line>
            <line number="108" hits="2" branch="False" />
            <line number="11" hits="2" branch="False" />
            <line number="12" hits="2" branch="False" />
          </lines>
        </class>
        <class name="EdiProcessor.Core.Parsers.Edi999Parser" filename="Parsers/AcknowledgmentParsers.cs" line-rate="0.82" branch-rate="0.5507" complexity="139">
          <methods>
            <method name="Parse" signature="(System.String,System.Int32)" line-rate="0.9545" branch-rate="0.8421" complexity="76">
              <lines>
                <line number="121" hits="2" branch="False" />
                <line number="122" hits="2" branch="False" />
                <line number="124" hits="2" branch="False" />
                <line number="125" hits="2" branch="False" />
                <line number="126" hits="12" branch="False" />
                <line number="127" hits="12" branch="False" />
                <line number="128" hits="2" branch="False" />
                <line number="130" hits="2" branch="False" />
                <line number="131" hits="2" branch="False" />
                <line number="132" hits="2" branch="False" />
                <line number="133" hits="2" branch="False" />
                <line number="134" hits="2" branch="False" />
                <line number="135" hits="2" branch="False" />
                <line number="136" hits="2" branch="False" />
                <line number="137" hits="2" branch="False" />
                <line number="139" hits="2" branch="False" />
                <line number="140" hits="2" branch="False" />
                <line number="141" hits="2" branch="False" />
                <line number="143" hits="30" branch="True" condition-coverage="100% (2/2)">
                  <conditions>
                    <condition number="1193" type="jump" coverage="100%" />
                  </conditions>
                </line>
                <line number="144" hits="12" branch="False" />
                <line number="145" hits="12" branch="False" />
                <line number="146" hits="12" branch="True" condition-coverage="100% (2/2)">
                  <conditions>
                    <condition number="223" type="jump" coverage="100%" />
                  </conditions>
                </line>
                <line number="148" hits="12" branch="True" condition-coverage="100% (38/38)">
                  <conditions>
                    <condition number="261" type="jump" coverage="100%" />
                    <condition number="270" type="jump" coverage="100%" />
                    <condition number="279" type="jump" coverage="100%" />
                    <condition number="310" type="jump" coverage="100%" />
                    <condition number="338" type="jump" coverage="100%" />
                    <condition number="347" type="jump" coverage="100%" />
                    <condition number="375" type="jump" coverage="100%" />
                    <condition number="386" type="jump" coverage="100%" />
                    <condition number="324" type="jump" coverage="100%" />
                    <condition number="293" type="jump" coverage="100%" />
                    <condition number="358" type="jump" coverage="100%" />
                    <condition number="405" type="jump" coverage="100%" />
                    <condition number="449" type="jump" coverage="100%" />
                    <condition number="471" type="jump" coverage="100%" />
                    <condition number="493" type="jump" coverage="100%" />
                    <condition number="515" type="jump" coverage="100%" />
                    <condition number="537" type="jump" coverage="100%" />
                    <condition number="559" type="jump" coverage="100%" />
                    <condition number="427" type="jump" coverage="100%" />
                  </conditions>
                </line>
                <line number="151" hits="1" branch="True" condition-coverage="50% (1/2)">
                  <conditions>
                    <condition number="576" type="jump" coverage="50%" />
                  </conditions>
                </line>
                <line number="152" hits="1" branch="False" />
                <line number="156" hits="1" branch="False" />
                <line number="160" hits="2" branch="True" condition-coverage="50% (1/2)">
                  <conditions>
                    <condition number="646" type="jump" coverage="50%" />
                  </conditions>
                </line>
                <line number="161" hits="2" branch="False" />
                <line number="162" hits="2" branch="False" />
                <line number="163" hits="2" branch="False" />
                <line number="164" hits="2" branch="False" />
                <line number="165" hits="2" branch="False" />
                <line number="166" hits="2" branch="False" />
                <line number="167" hits="2" branch="False" />
                <line number="168" hits="2" branch="False" />
                <line number="172" hits="2" branch="True" condition-coverage="100% (2/2)">
                  <conditions>
                    <condition number="705" type="jump" coverage="100%" />
                  </conditions>
                </line>
                <line number="173" hits="2" branch="True" condition-coverage="50% (1/2)">
                  <conditions>
                    <condition number="713" type="jump" coverage="50%" />
                  </conditions>
                </line>
                <line number="174" hits="2" branch="False" />
                <line number="178" hits="1" branch="True" condition-coverage="100% (2/2)">
                  <conditions>
                    <condition number="750" type="jump" coverage="100%" />
                  </conditions>
                </line>
                <line number="179" hits="1" branch="True" condition-coverage="50% (2/4)">
                  <conditions>
                    <condition number="784" type="jump" coverage="50%" />
                    <condition number="823" type="jump" coverage="50%" />
                  </conditions>
                </line>
                <line number="180" hits="1" branch="False" />
                <line number="184" hits="1" branch="True" condition-coverage="100% (2/2)">
                  <conditions>
                    <condition number="881" type="jump" coverage="100%" />
                  </conditions>
                </line>
                <line number="185" hits="1" branch="True" condition-coverage="50% (1/2)">
                  <conditions>
                    <condition number="895" type="jump" coverage="50%" />
                  </conditions>
                </line>
                <line number="186" hits="1" branch="False" />
                <line number="190" hits="2" branch="True" condition-coverage="100% (2/2)">
                  <conditions>
                    <condition number="938" type="jump" coverage="100%" />
                  </conditions>
                </line>
                <line number="191" hits="2" branch="False" />
                <line number="192" hits="2" branch="True" condition-coverage="50% (1/2)">
                  <conditions>
                    <condition number="947" type="jump" coverage="50%" />
                  </conditions>
                </line>
                <line number="193" hits="2" branch="True" condition-coverage="100% (2/2)">
                  <conditions>
                    <condition number="977" type="jump" coverage="100%" />
                  </conditions>
                </line>
                <line number="194" hits="2" branch="False" />
                <line number="195" hits="2" branch="False" />
                <line number="196" hits="2" branch="False" />
                <line number="197" hits="2" branch="False" />
                <line number="198" hits="2" branch="False" />
                <line number="202" hits="2" branch="True" condition-coverage="50% (1/2)">
                  <conditions>
                    <condition number="1039" type="jump" coverage="50%" />
                  </conditions>
                </line>
                <line number="203" hits="2" branch="True" condition-coverage="50% (4/8)">
                  <conditions>
                    <condition number="1078" type="jump" coverage="100%" />
                    <condition number="1092" type="jump" coverage="50%" />
                    <condition number="1106" type="jump" coverage="50%" />
                    <condition number="1120" type="jump" coverage="0%" />
                  </conditions>
                </line>
                <line number="204" hits="2" branch="False" />
                <line number="205" hits="1" branch="False" />
                <line number="206" hits="0" branch="False" />
                <line number="207" hits="1" branch="False" />
                <line number="208" hits="0" branch="False" />
                <line number="209" hits="0" branch="False" />
                <line number="210" hits="2" branch="False" />
                <line number="211" hits="2" branch="False" />
                <line number="213" hits="12" branch="False" />
                <line number="215" hits="2" branch="False" />
                <line number="216" hits="2" branch="False" />
              </lines>
            </method>
            <method name="BuildAk5Description" signature="(System.String,System.Collections.Generic.List`1&lt;System.String&gt;)" line-rate="0.6666" branch-rate="0.4285" complexity="14">
              <lines>
                <line number="219" hits="2" branch="False" />
                <line number="220" hits="2" branch="True" condition-coverage="33.33% (4/12)">
                  <conditions>
                    <condition number="16" type="jump" coverage="100%" />
                    <condition number="29" type="jump" coverage="50%" />
                    <condition number="42" type="jump" coverage="50%" />
                    <condition number="55" type="jump" coverage="0%" />
                    <condition number="68" type="jump" coverage="0%" />
                    <condition number="81" type="jump" coverage="0%" />
                  </conditions>
                </line>
                <line number="221" hits="2" branch="False" />
                <line number="222" hits="1" branch="False" />
                <line number="223" hits="0" branch="False" />
                <line number="224" hits="1" branch="False" />
                <line number="225" hits="0" branch="False" />
                <line number="226" hits="0" branch="False" />
                <line number="227" hits="0" branch="False" />
                <line number="228" hits="0" branch="False" />
                <line number="229" hits="2" branch="False" />
                <line number="230" hits="2" branch="True" condition-coverage="100% (2/2)">
                  <conditions>
                    <condition number="164" type="jump" coverage="100%" />
                  </conditions>
                </line>
                <line number="231" hits="1" branch="False" />
                <line number="232" hits="1" branch="False" />
                <line number="233" hits="2" branch="False" />
              </lines>
            </method>
            <method name="Get999ErrorCode" signature="(System.String)" line-rate="0.2857" branch-rate="0.08689999999999999" complexity="46">
              <lines>
                <line number="236" hits="1" branch="True" condition-coverage="8.69% (4/46)">
                  <conditions>
                    <condition number="17" type="jump" coverage="50%" />
                    <condition number="25" type="jump" coverage="0%" />
                    <condition number="33" type="jump" coverage="0%" />
                    <condition number="62" type="jump" coverage="0%" />
                    <condition number="75" type="jump" coverage="0%" />
                    <condition number="104" type="jump" coverage="50%" />
                    <condition number="112" type="jump" coverage="50%" />
                    <condition number="135" type="jump" coverage="0%" />
                    <condition number="145" type="jump" coverage="0%" />
                    <condition number="122" type="jump" coverage="0%" />
                    <condition number="46" type="jump" coverage="0%" />
                    <condition number="88" type="jump" coverage="0%" />
                    <condition number="158" type="jump" coverage="0%" />
                    <condition number="179" type="jump" coverage="50%" />
                    <condition number="200" type="jump" coverage="0%" />
                    <condition number="221" type="jump" coverage="0%" />
                    <condition number="242" type="jump" coverage="0%" />
                    <condition number="260" type="jump" coverage="0%" />
                    <condition number="278" type="jump" coverage="0%" />
                    <condition number="296" type="jump" coverage="0%" />
                    <condition number="311" type="jump" coverage="0%" />
                    <condition number="326" type="jump" coverage="0%" />
                    <condition number="341" type="jump" coverage="0%" />
                  </conditions>
                </line>
                <line number="237" hits="1" branch="False" />
                <line number="238" hits="1" branch="False" />
                <line number="239" hits="0" branch="False" />
                <line number="240" hits="0" branch="False" />
                <line number="241" hits="0" branch="False" />
                <line number="242" hits="0" branch="False" />
                <line number="243" hits="0" branch="False" />
                <line number="244" hits="0" branch="False" />
                <line number="245" hits="0" branch="False" />
                <line number="246" hits="0" branch="False" />
                <line number="247" hits="0" branch="False" />
                <line number="248" hits="0" branch="False" />
                <line number="249" hits="1" branch="False" />
              </lines>
            </method>
            <method name="DetectDelimiters" signature="(System.String)" line-rate="1" branch-rate="1" complexity="2">
              <lines>
                <line number="252" hits="2" branch="False" />
                <line number="253" hits="6" branch="True" condition-coverage="100% (2/2)">
                  <conditions>
                    <condition number="16" type="jump" coverage="100%" />
                  </conditions>
                </line>
                <line number="254" hits="2" branch="False" />
              </lines>
            </method>
            <method name=".ctor" signature="()" line-rate="1" branch-rate="1" complexity="1">
              <lines>
                <line number="117" hits="2" branch="False" />
                <line number="118" hits="2" branch="False" />
              </lines>
            </method>
          </methods>
          <lines>
            <line number="121" hits="2" branch="False" />
            <line number="122" hits="2" branch="False" />
            <line number="124" hits="2" branch="False" />
            <line number="125" hits="2" branch="False" />
            <line number="126" hits="12" branch="False" />
            <line number="127" hits="12" branch="False" />
            <line number="128" hits="2" branch="False" />
            <line number="130" hits="2" branch="False" />
            <line number="131" hits="2" branch="False" />
            <line number="132" hits="2" branch="False" />
            <line number="133" hits="2" branch="False" />
            <line number="134" hits="2" branch="False" />
            <line number="135" hits="2" branch="False" />
            <line number="136" hits="2" branch="False" />
            <line number="137" hits="2" branch="False" />
            <line number="139" hits="2" branch="False" />
            <line number="140" hits="2" branch="False" />
            <line number="141" hits="2" branch="False" />
            <line number="143" hits="30" branch="True" condition-coverage="100% (2/2)">
              <conditions>
                <condition number="1193" type="jump" coverage="100%" />
              </conditions>
            </line>
            <line number="144" hits="12" branch="False" />
            <line number="145" hits="12" branch="False" />
            <line number="146" hits="12" branch="True" condition-coverage="100% (2/2)">
              <conditions>
                <condition number="223" type="jump" coverage="100%" />
              </conditions>
            </line>
            <line number="148" hits="12" branch="True" condition-coverage="100% (38/38)">
              <conditions>
                <condition number="261" type="jump" coverage="100%" />
                <condition number="270" type="jump" coverage="100%" />
                <condition number="279" type="jump" coverage="100%" />
                <condition number="310" type="jump" coverage="100%" />
                <condition number="338" type="jump" coverage="100%" />
                <condition number="347" type="jump" coverage="100%" />
                <condition number="375" type="jump" coverage="100%" />
                <condition number="386" type="jump" coverage="100%" />
                <condition number="324" type="jump" coverage="100%" />
                <condition number="293" type="jump" coverage="100%" />
                <condition number="358" type="jump" coverage="100%" />
                <condition number="405" type="jump" coverage="100%" />
                <condition number="449" type="jump" coverage="100%" />
                <condition number="471" type="jump" coverage="100%" />
                <condition number="493" type="jump" coverage="100%" />
                <condition number="515" type="jump" coverage="100%" />
                <condition number="537" type="jump" coverage="100%" />
                <condition number="559" type="jump" coverage="100%" />
                <condition number="427" type="jump" coverage="100%" />
              </conditions>
            </line>
            <line number="151" hits="1" branch="True" condition-coverage="50% (1/2)">
              <conditions>
                <condition number="576" type="jump" coverage="50%" />
              </conditions>
            </line>
            <line number="152" hits="1" branch="False" />
            <line number="156" hits="1" branch="False" />
            <line number="160" hits="2" branch="True" condition-coverage="50% (1/2)">
              <conditions>
                <condition number="646" type="jump" coverage="50%" />
              </conditions>
            </line>
            <line number="161" hits="2" branch="False" />
            <line number="162" hits="2" branch="False" />
            <line number="163" hits="2" branch="False" />
            <line number="164" hits="2" branch="False" />
            <line number="165" hits="2" branch="False" />
            <line number="166" hits="2" branch="False" />
            <line number="167" hits="2" branch="False" />
            <line number="168" hits="2" branch="False" />
            <line number="172" hits="2" branch="True" condition-coverage="100% (2/2)">
              <conditions>
                <condition number="705" type="jump" coverage="100%" />
              </conditions>
            </line>
            <line number="173" hits="2" branch="True" condition-coverage="50% (1/2)">
              <conditions>
                <condition number="713" type="jump" coverage="50%" />
              </conditions>
            </line>
            <line number="174" hits="2" branch="False" />
            <line number="178" hits="1" branch="True" condition-coverage="100% (2/2)">
              <conditions>
                <condition number="750" type="jump" coverage="100%" />
              </conditions>
            </line>
            <line number="179" hits="1" branch="True" condition-coverage="50% (2/4)">
              <conditions>
                <condition number="784" type="jump" coverage="50%" />
                <condition number="823" type="jump" coverage="50%" />
              </conditions>
            </line>
            <line number="180" hits="1" branch="False" />
            <line number="184" hits="1" branch="True" condition-coverage="100% (2/2)">
              <conditions>
                <condition number="881" type="jump" coverage="100%" />
              </conditions>
            </line>
            <line number="185" hits="1" branch="True" condition-coverage="50% (1/2)">
              <conditions>
                <condition number="895" type="jump" coverage="50%" />
              </conditions>
            </line>
            <line number="186" hits="1" branch="False" />
            <line number="190" hits="2" branch="True" condition-coverage="100% (2/2)">
              <conditions>
                <condition number="938" type="jump" coverage="100%" />
              </conditions>
            </line>
            <line number="191" hits="2" branch="False" />
            <line number="192" hits="2" branch="True" condition-coverage="50% (1/2)">
              <conditions>
                <condition number="947" type="jump" coverage="50%" />
              </conditions>
            </line>
            <line number="193" hits="2" branch="True" condition-coverage="100% (2/2)">
              <conditions>
                <condition number="977" type="jump" coverage="100%" />
              </conditions>
            </line>
            <line number="194" hits="2" branch="False" />
            <line number="195" hits="2" branch="False" />
            <line number="196" hits="2" branch="False" />
            <line number="197" hits="2" branch="False" />
            <line number="198" hits="2" branch="False" />
            <line number="202" hits="2" branch="True" condition-coverage="50% (1/2)">
              <conditions>
                <condition number="1039" type="jump" coverage="50%" />
              </conditions>
            </line>
            <line number="203" hits="2" branch="True" condition-coverage="50% (4/8)">
              <conditions>
                <condition number="1078" type="jump" coverage="100%" />
                <condition number="1092" type="jump" coverage="50%" />
                <condition number="1106" type="jump" coverage="50%" />
                <condition number="1120" type="jump" coverage="0%" />
              </conditions>
            </line>
            <line number="204" hits="2" branch="False" />
            <line number="205" hits="1" branch="False" />
            <line number="206" hits="0" branch="False" />
            <line number="207" hits="1" branch="False" />
            <line number="208" hits="0" branch="False" />
            <line number="209" hits="0" branch="False" />
            <line number="210" hits="2" branch="False" />
            <line number="211" hits="2" branch="False" />
            <line number="213" hits="12" branch="False" />
            <line number="215" hits="2" branch="False" />
            <line number="216" hits="2" branch="False" />
            <line number="219" hits="2" branch="False" />
            <line number="220" hits="2" branch="True" condition-coverage="33.33% (4/12)">
              <conditions>
                <condition number="16" type="jump" coverage="100%" />
                <condition number="29" type="jump" coverage="50%" />
                <condition number="42" type="jump" coverage="50%" />
                <condition number="55" type="jump" coverage="0%" />
                <condition number="68" type="jump" coverage="0%" />
                <condition number="81" type="jump" coverage="0%" />
              </conditions>
            </line>
            <line number="221" hits="2" branch="False" />
            <line number="222" hits="1" branch="False" />
            <line number="223" hits="0" branch="False" />
            <line number="224" hits="1" branch="False" />
            <line number="225" hits="0" branch="False" />
            <line number="226" hits="0" branch="False" />
            <line number="227" hits="0" branch="False" />
            <line number="228" hits="0" branch="False" />
            <line number="229" hits="2" branch="False" />
            <line number="230" hits="2" branch="True" condition-coverage="100% (2/2)">
              <conditions>
                <condition number="164" type="jump" coverage="100%" />
              </conditions>
            </line>
            <line number="231" hits="1" branch="False" />
            <line number="232" hits="1" branch="False" />
            <line number="233" hits="2" branch="False" />
            <line number="236" hits="1" branch="True" condition-coverage="8.69% (4/46)">
              <conditions>
                <condition number="17" type="jump" coverage="50%" />
                <condition number="25" type="jump" coverage="0%" />
                <condition number="33" type="jump" coverage="0%" />
                <condition number="62" type="jump" coverage="0%" />
                <condition number="75" type="jump" coverage="0%" />
                <condition number="104" type="jump" coverage="50%" />
                <condition number="112" type="jump" coverage="50%" />
                <condition number="135" type="jump" coverage="0%" />
                <condition number="145" type="jump" coverage="0%" />
                <condition number="122" type="jump" coverage="0%" />
                <condition number="46" type="jump" coverage="0%" />
                <condition number="88" type="jump" coverage="0%" />
                <condition number="158" type="jump" coverage="0%" />
                <condition number="179" type="jump" coverage="50%" />
                <condition number="200" type="jump" coverage="0%" />
                <condition number="221" type="jump" coverage="0%" />
                <condition number="242" type="jump" coverage="0%" />
                <condition number="260" type="jump" coverage="0%" />
                <condition number="278" type="jump" coverage="0%" />
                <condition number="296" type="jump" coverage="0%" />
                <condition number="311" type="jump" coverage="0%" />
                <condition number="326" type="jump" coverage="0%" />
                <condition number="341" type="jump" coverage="0%" />
              </conditions>
            </line>
            <line number="237" hits="1" branch="False" />
            <line number="238" hits="1" branch="False" />
            <line number="239" hits="0" branch="False" />
            <line number="240" hits="0" branch="False" />
            <line number="241" hits="0" branch="False" />
            <line number="242" hits="0" branch="False" />
            <line number="243" hits="0" branch="False" />
            <line number="244" hits="0" branch="False" />
            <line number="245" hits="0" branch="False" />
            <line number="246" hits="0" branch="False" />
            <line number="247" hits="0" branch="False" />
            <line number="248" hits="0" branch="False" />
            <line number="249" hits="1" branch="False" />
            <line number="252" hits="2" branch="False" />
            <line number="253" hits="6" branch="True" condition-coverage="100% (2/2)">
              <conditions>
                <condition number="16" type="jump" coverage="100%" />
              </conditions>
            </line>
            <line number="254" hits="2" branch="False" />
            <line number="117" hits="2" branch="False" />
            <line number="118" hits="2" branch="False" />
          </lines>
        </class>
        <class name="EdiProcessor.Core.Parsers.Edi277CaParser" filename="Parsers/AcknowledgmentParsers.cs" line-rate="0.8461" branch-rate="0.43810000000000004" complexity="195">
          <methods>
            <method name="Parse" signature="(System.String,System.Int32)" line-rate="1" branch-rate="0.802" complexity="96">
              <lines>
                <line number="269" hits="2" branch="False" />
                <line number="270" hits="2" branch="False" />
                <line number="272" hits="2" branch="False" />
                <line number="273" hits="2" branch="False" />
                <line number="274" hits="17" branch="False" />
                <line number="275" hits="17" branch="False" />
                <line number="276" hits="2" branch="False" />
                <line number="278" hits="2" branch="False" />
                <line number="279" hits="2" branch="False" />
                <line number="280" hits="2" branch="False" />
                <line number="281" hits="2" branch="False" />
                <line number="282" hits="2" branch="False" />
                <line number="283" hits="2" branch="False" />
                <line number="284" hits="2" branch="False" />
                <line number="285" hits="2" branch="False" />
                <line number="287" hits="2" branch="False" />
                <line number="288" hits="2" branch="False" />
                <line number="289" hits="2" branch="False" />
                <line number="290" hits="2" branch="False" />
                <line number="291" hits="2" branch="False" />
                <line number="292" hits="2" branch="False" />
                <line number="294" hits="40" branch="True" condition-coverage="100% (2/2)">
                  <conditions>
                    <condition number="1323" type="jump" coverage="100%" />
                  </conditions>
                </line>
                <line number="295" hits="17" branch="False" />
                <line number="296" hits="17" branch="False" />
                <line number="297" hits="17" branch="True" condition-coverage="100% (2/2)">
                  <conditions>
                    <condition number="228" type="jump" coverage="100%" />
                  </conditions>
                </line>
                <line number="298" hits="17" branch="False" />
                <line number="300" hits="17" branch="True" condition-coverage="100% (12/12)">
                  <conditions>
                    <condition number="266" type="jump" coverage="100%" />
                    <condition number="280" type="jump" coverage="100%" />
                    <condition number="294" type="jump" coverage="100%" />
                    <condition number="311" type="jump" coverage="100%" />
                    <condition number="328" type="jump" coverage="100%" />
                    <condition number="345" type="jump" coverage="100%" />
                  </conditions>
                </line>
                <line number="303" hits="1" branch="True" condition-coverage="50% (1/2)">
                  <conditions>
                    <condition number="362" type="jump" coverage="50%" />
                  </conditions>
                </line>
                <line number="304" hits="1" branch="False" />
                <line number="308" hits="2" branch="True" condition-coverage="50% (1/2)">
                  <conditions>
                    <condition number="397" type="jump" coverage="50%" />
                  </conditions>
                </line>
                <line number="309" hits="2" branch="True" condition-coverage="100% (2/2)">
                  <conditions>
                    <condition number="433" type="jump" coverage="100%" />
                  </conditions>
                </line>
                <line number="310" hits="1" branch="False" />
                <line number="311" hits="1" branch="True" condition-coverage="50% (1/2)">
                  <conditions>
                    <condition number="444" type="jump" coverage="50%" />
                  </conditions>
                </line>
                <line number="312" hits="1" branch="False" />
                <line number="313" hits="1" branch="False" />
                <line number="314" hits="1" branch="False" />
                <line number="315" hits="1" branch="False" />
                <line number="316" hits="1" branch="False" />
                <line number="317" hits="1" branch="False" />
                <line number="318" hits="1" branch="False" />
                <line number="319" hits="1" branch="False" />
                <line number="320" hits="2" branch="False" />
                <line number="324" hits="2" branch="True" condition-coverage="50% (1/2)">
                  <conditions>
                    <condition number="510" type="jump" coverage="50%" />
                  </conditions>
                </line>
                <line number="325" hits="2" branch="True" condition-coverage="50% (1/2)">
                  <conditions>
                    <condition number="535" type="jump" coverage="50%" />
                  </conditions>
                </line>
                <line number="326" hits="2" branch="True" condition-coverage="50% (1/2)">
                  <conditions>
                    <condition number="560" type="jump" coverage="50%" />
                  </conditions>
                </line>
                <line number="327" hits="2" branch="True" condition-coverage="100% (2/2)">
                  <conditions>
                    <condition number="586" type="jump" coverage="100%" />
                  </conditions>
                </line>
                <line number="328" hits="2" branch="True" condition-coverage="100% (2/2)">
                  <conditions>
                    <condition number="614" type="jump" coverage="100%" />
                  </conditions>
                </line>
                <line number="329" hits="2" branch="True" condition-coverage="100% (10/10)">
                  <conditions>
                    <condition number="656" type="jump" coverage="100%" />
                    <condition number="670" type="jump" coverage="100%" />
                    <condition number="684" type="jump" coverage="100%" />
                    <condition number="698" type="jump" coverage="100%" />
                    <condition number="712" type="jump" coverage="100%" />
                  </conditions>
                </line>
                <line number="333" hits="1" branch="False" />
                <line number="334" hits="2" branch="True" condition-coverage="100% (2/2)">
                  <conditions>
                    <condition number="728" type="jump" coverage="100%" />
                  </conditions>
                </line>
                <line number="335" hits="1" branch="False" />
                <line number="339" hits="1" branch="False" />
                <line number="340" hits="1" branch="False" />
                <line number="341" hits="1" branch="True" condition-coverage="50% (1/2)">
                  <conditions>
                    <condition number="757" type="jump" coverage="50%" />
                  </conditions>
                </line>
                <line number="342" hits="1" branch="False" />
                <line number="344" hits="2" branch="False" />
                <line number="348" hits="1" branch="True" condition-coverage="62.5% (5/8)">
                  <conditions>
                    <condition number="787" type="jump" coverage="50%" />
                    <condition number="794" type="jump" coverage="50%" />
                    <condition number="801" type="jump" coverage="50%" />
                    <condition number="832" type="jump" coverage="100%" />
                  </conditions>
                </line>
                <line number="349" hits="1" branch="True" condition-coverage="100% (2/2)">
                  <conditions>
                    <condition number="849" type="jump" coverage="100%" />
                  </conditions>
                </line>
                <line number="350" hits="1" branch="True" condition-coverage="50% (1/2)">
                  <conditions>
                    <condition number="857" type="jump" coverage="50%" />
                  </conditions>
                </line>
                <line number="351" hits="1" branch="False" />
                <line number="354" hits="2" branch="True" condition-coverage="100% (2/2)">
                  <conditions>
                    <condition number="894" type="jump" coverage="100%" />
                  </conditions>
                </line>
                <line number="355" hits="2" branch="True" condition-coverage="50% (1/2)">
                  <conditions>
                    <condition number="906" type="jump" coverage="50%" />
                  </conditions>
                </line>
                <line number="356" hits="2" branch="True" condition-coverage="50% (1/2)">
                  <conditions>
                    <condition number="931" type="jump" coverage="50%" />
                  </conditions>
                </line>
                <line number="357" hits="2" branch="True" condition-coverage="100% (4/4)">
                  <conditions>
                    <condition number="971" type="jump" coverage="100%" />
                    <condition number="985" type="jump" coverage="100%" />
                  </conditions>
                </line>
                <line number="360" hits="1" branch="False" />
                <line number="361" hits="1" branch="False" />
                <line number="363" hits="1" branch="False" />
                <line number="364" hits="1" branch="False" />
                <line number="366" hits="2" branch="False" />
                <line number="370" hits="1" branch="True" condition-coverage="100% (2/2)">
                  <conditions>
                    <condition number="1024" type="jump" coverage="100%" />
                  </conditions>
                </line>
                <line number="371" hits="1" branch="True" condition-coverage="100% (2/2)">
                  <conditions>
                    <condition number="1042" type="jump" coverage="100%" />
                  </conditions>
                </line>
                <line number="372" hits="1" branch="False" />
                <line number="373" hits="1" branch="False" />
                <line number="374" hits="1" branch="True" condition-coverage="50% (1/2)">
                  <conditions>
                    <condition number="1067" type="jump" coverage="50%" />
                  </conditions>
                </line>
                <line number="375" hits="1" branch="True" condition-coverage="50% (1/2)">
                  <conditions>
                    <condition number="1093" type="jump" coverage="50%" />
                  </conditions>
                </line>
                <line number="376" hits="1" branch="False" />
                <line number="377" hits="1" branch="False" />
                <line number="378" hits="1" branch="True" condition-coverage="75% (3/4)">
                  <conditions>
                    <condition number="1143" type="jump" coverage="50%" />
                    <condition number="1179" type="jump" coverage="100%" />
                  </conditions>
                </line>
                <line number="379" hits="1" branch="False" />
                <line number="380" hits="1" branch="False" />
                <line number="381" hits="1" branch="False" />
                <line number="382" hits="1" branch="True" condition-coverage="50% (1/2)">
                  <conditions>
                    <condition number="1201" type="jump" coverage="50%" />
                  </conditions>
                </line>
                <line number="383" hits="1" branch="True" condition-coverage="75% (3/4)">
                  <conditions>
                    <condition number="1226" type="jump" coverage="50%" />
                    <condition number="1251" type="jump" coverage="100%" />
                  </conditions>
                </line>
                <line number="384" hits="1" branch="False" />
                <line number="385" hits="1" branch="True" condition-coverage="75% (3/4)">
                  <conditions>
                    <condition number="1272" type="jump" coverage="50%" />
                    <condition number="1297" type="jump" coverage="100%" />
                  </conditions>
                </line>
                <line number="386" hits="1" branch="False" />
                <line number="387" hits="1" branch="False" />
                <line number="389" hits="17" branch="False" />
                <line number="391" hits="3" branch="True" condition-coverage="100% (2/2)">
                  <conditions>
                    <condition number="1353" type="jump" coverage="100%" />
                  </conditions>
                </line>
                <line number="393" hits="2" branch="True" condition-coverage="100% (2/2)">
                  <conditions>
                    <condition number="1371" type="jump" coverage="100%" />
                  </conditions>
                </line>
                <line number="394" hits="2" branch="False" />
                <line number="395" hits="2" branch="False" />
              </lines>
            </method>
            <method name="BuildStcDescription" signature="(System.String,System.String)" line-rate="0.25920000000000004" branch-rate="0.0625" complexity="96">
              <lines>
                <line number="398" hits="1" branch="False" />
                <line number="399" hits="1" branch="True" condition-coverage="5.31% (5/94)">
                  <conditions>
                    <condition number="18" type="jump" coverage="50%" />
                    <condition number="29" type="jump" coverage="0%" />
                    <condition number="37" type="jump" coverage="0%" />
                    <condition number="45" type="jump" coverage="0%" />
                    <condition number="74" type="jump" coverage="0%" />
                    <condition number="87" type="jump" coverage="0%" />
                    <condition number="116" type="jump" coverage="0%" />
                    <condition number="124" type="jump" coverage="0%" />
                    <condition number="153" type="jump" coverage="0%" />
                    <condition number="166" type="jump" coverage="0%" />
                    <condition number="195" type="jump" coverage="50%" />
                    <condition number="203" type="jump" coverage="0%" />
                    <condition number="211" type="jump" coverage="0%" />
                    <condition number="240" type="jump" coverage="0%" />
                    <condition number="253" type="jump" coverage="0%" />
                    <condition number="282" type="jump" coverage="50%" />
                    <condition number="290" type="jump" coverage="0%" />
                    <condition number="316" type="jump" coverage="50%" />
                    <condition number="326" type="jump" coverage="0%" />
                    <condition number="303" type="jump" coverage="0%" />
                    <condition number="336" type="jump" coverage="0%" />
                    <condition number="266" type="jump" coverage="0%" />
                    <condition number="100" type="jump" coverage="0%" />
                    <condition number="137" type="jump" coverage="0%" />
                    <condition number="224" type="jump" coverage="0%" />
                    <condition number="179" type="jump" coverage="0%" />
                    <condition number="58" type="jump" coverage="0%" />
                    <condition number="354" type="jump" coverage="0%" />
                    <condition number="375" type="jump" coverage="50%" />
                    <condition number="396" type="jump" coverage="0%" />
                    <condition number="417" type="jump" coverage="0%" />
                    <condition number="438" type="jump" coverage="0%" />
                    <condition number="459" type="jump" coverage="0%" />
                    <condition number="480" type="jump" coverage="0%" />
                    <condition number="501" type="jump" coverage="0%" />
                    <condition number="522" type="jump" coverage="0%" />
                    <condition number="543" type="jump" coverage="0%" />
                    <condition number="564" type="jump" coverage="0%" />
                    <condition number="585" type="jump" coverage="0%" />
                    <condition number="606" type="jump" coverage="0%" />
                    <condition number="627" type="jump" coverage="0%" />
                    <condition number="648" type="jump" coverage="0%" />
                    <condition number="669" type="jump" coverage="0%" />
                    <condition number="690" type="jump" coverage="0%" />
                    <condition number="711" type="jump" coverage="0%" />
                    <condition number="732" type="jump" coverage="0%" />
                    <condition number="753" type="jump" coverage="0%" />
                  </conditions>
                </line>
                <line number="400" hits="1" branch="False" />
                <line number="401" hits="0" branch="False" />
                <line number="402" hits="1" branch="False" />
                <line number="403" hits="0" branch="False" />
                <line number="404" hits="0" branch="False" />
                <line number="405" hits="0" branch="False" />
                <line number="406" hits="0" branch="False" />
                <line number="407" hits="0" branch="False" />
                <line number="408" hits="0" branch="False" />
                <line number="409" hits="0" branch="False" />
                <line number="410" hits="0" branch="False" />
                <line number="411" hits="0" branch="False" />
                <line number="412" hits="0" branch="False" />
                <line number="413" hits="0" branch="False" />
                <line number="414" hits="0" branch="False" />
                <line number="415" hits="0" branch="False" />
                <line number="416" hits="0" branch="False" />
                <line number="417" hits="0" branch="False" />
                <line number="418" hits="0" branch="False" />
                <line number="419" hits="0" branch="False" />
                <line number="420" hits="0" branch="False" />
                <line number="421" hits="0" branch="False" />
                <line number="422" hits="1" branch="False" />
                <line number="423" hits="1" branch="True" condition-coverage="50% (1/2)">
                  <conditions>
                    <condition number="959" type="jump" coverage="50%" />
                  </conditions>
                </line>
                <line number="424" hits="1" branch="False" />
              </lines>
            </method>
            <method name="DetectDelimiters" signature="(System.String)" line-rate="1" branch-rate="1" complexity="2">
              <lines>
                <line number="427" hits="2" branch="False" />
                <line number="428" hits="2" branch="True" condition-coverage="100% (2/2)">
                  <conditions>
                    <condition number="16" type="jump" coverage="100%" />
                  </conditions>
                </line>
                <line number="429" hits="2" branch="False" />
                <line number="430" hits="2" branch="False" />
                <line number="431" hits="2" branch="False" />
                <line number="432" hits="2" branch="False" />
                <line number="433" hits="2" branch="False" />
                <line number="434" hits="2" branch="False" />
              </lines>
            </method>
            <method name=".ctor" signature="()" line-rate="1" branch-rate="1" complexity="1">
              <lines>
                <line number="264" hits="2" branch="False" />
                <line number="265" hits="2" branch="False" />
                <line number="266" hits="2" branch="False" />
              </lines>
            </method>
          </methods>
          <lines>
            <line number="269" hits="2" branch="False" />
            <line number="270" hits="2" branch="False" />
            <line number="272" hits="2" branch="False" />
            <line number="273" hits="2" branch="False" />
            <line number="274" hits="17" branch="False" />
            <line number="275" hits="17" branch="False" />
            <line number="276" hits="2" branch="False" />
            <line number="278" hits="2" branch="False" />
            <line number="279" hits="2" branch="False" />
            <line number="280" hits="2" branch="False" />
            <line number="281" hits="2" branch="False" />
            <line number="282" hits="2" branch="False" />
            <line number="283" hits="2" branch="False" />
            <line number="284" hits="2" branch="False" />
            <line number="285" hits="2" branch="False" />
            <line number="287" hits="2" branch="False" />
            <line number="288" hits="2" branch="False" />
            <line number="289" hits="2" branch="False" />
            <line number="290" hits="2" branch="False" />
            <line number="291" hits="2" branch="False" />
            <line number="292" hits="2" branch="False" />
            <line number="294" hits="40" branch="True" condition-coverage="100% (2/2)">
              <conditions>
                <condition number="1323" type="jump" coverage="100%" />
              </conditions>
            </line>
            <line number="295" hits="17" branch="False" />
            <line number="296" hits="17" branch="False" />
            <line number="297" hits="17" branch="True" condition-coverage="100% (2/2)">
              <conditions>
                <condition number="228" type="jump" coverage="100%" />
              </conditions>
            </line>
            <line number="298" hits="17" branch="False" />
            <line number="300" hits="17" branch="True" condition-coverage="100% (12/12)">
              <conditions>
                <condition number="266" type="jump" coverage="100%" />
                <condition number="280" type="jump" coverage="100%" />
                <condition number="294" type="jump" coverage="100%" />
                <condition number="311" type="jump" coverage="100%" />
                <condition number="328" type="jump" coverage="100%" />
                <condition number="345" type="jump" coverage="100%" />
              </conditions>
            </line>
            <line number="303" hits="1" branch="True" condition-coverage="50% (1/2)">
              <conditions>
                <condition number="362" type="jump" coverage="50%" />
              </conditions>
            </line>
            <line number="304" hits="1" branch="False" />
            <line number="308" hits="2" branch="True" condition-coverage="50% (1/2)">
              <conditions>
                <condition number="397" type="jump" coverage="50%" />
              </conditions>
            </line>
            <line number="309" hits="2" branch="True" condition-coverage="100% (2/2)">
              <conditions>
                <condition number="433" type="jump" coverage="100%" />
              </conditions>
            </line>
            <line number="310" hits="1" branch="False" />
            <line number="311" hits="1" branch="True" condition-coverage="50% (1/2)">
              <conditions>
                <condition number="444" type="jump" coverage="50%" />
              </conditions>
            </line>
            <line number="312" hits="1" branch="False" />
            <line number="313" hits="1" branch="False" />
            <line number="314" hits="1" branch="False" />
            <line number="315" hits="1" branch="False" />
            <line number="316" hits="1" branch="False" />
            <line number="317" hits="1" branch="False" />
            <line number="318" hits="1" branch="False" />
            <line number="319" hits="1" branch="False" />
            <line number="320" hits="2" branch="False" />
            <line number="324" hits="2" branch="True" condition-coverage="50% (1/2)">
              <conditions>
                <condition number="510" type="jump" coverage="50%" />
              </conditions>
            </line>
            <line number="325" hits="2" branch="True" condition-coverage="50% (1/2)">
              <conditions>
                <condition number="535" type="jump" coverage="50%" />
              </conditions>
            </line>
            <line number="326" hits="2" branch="True" condition-coverage="50% (1/2)">
              <conditions>
                <condition number="560" type="jump" coverage="50%" />
              </conditions>
            </line>
            <line number="327" hits="2" branch="True" condition-coverage="100% (2/2)">
              <conditions>
                <condition number="586" type="jump" coverage="100%" />
              </conditions>
            </line>
            <line number="328" hits="2" branch="True" condition-coverage="100% (2/2)">
              <conditions>
                <condition number="614" type="jump" coverage="100%" />
              </conditions>
            </line>
            <line number="329" hits="2" branch="True" condition-coverage="100% (10/10)">
              <conditions>
                <condition number="656" type="jump" coverage="100%" />
                <condition number="670" type="jump" coverage="100%" />
                <condition number="684" type="jump" coverage="100%" />
                <condition number="698" type="jump" coverage="100%" />
                <condition number="712" type="jump" coverage="100%" />
              </conditions>
            </line>
            <line number="333" hits="1" branch="False" />
            <line number="334" hits="2" branch="True" condition-coverage="100% (2/2)">
              <conditions>
                <condition number="728" type="jump" coverage="100%" />
              </conditions>
            </line>
            <line number="335" hits="1" branch="False" />
            <line number="339" hits="1" branch="False" />
            <line number="340" hits="1" branch="False" />
            <line number="341" hits="1" branch="True" condition-coverage="50% (1/2)">
              <conditions>
                <condition number="757" type="jump" coverage="50%" />
              </conditions>
            </line>
            <line number="342" hits="1" branch="False" />
            <line number="344" hits="2" branch="False" />
            <line number="348" hits="1" branch="True" condition-coverage="62.5% (5/8)">
              <conditions>
                <condition number="787" type="jump" coverage="50%" />
                <condition number="794" type="jump" coverage="50%" />
                <condition number="801" type="jump" coverage="50%" />
                <condition number="832" type="jump" coverage="100%" />
              </conditions>
            </line>
            <line number="349" hits="1" branch="True" condition-coverage="100% (2/2)">
              <conditions>
                <condition number="849" type="jump" coverage="100%" />
              </conditions>
            </line>
            <line number="350" hits="1" branch="True" condition-coverage="50% (1/2)">
              <conditions>
                <condition number="857" type="jump" coverage="50%" />
              </conditions>
            </line>
            <line number="351" hits="1" branch="False" />
            <line number="354" hits="2" branch="True" condition-coverage="100% (2/2)">
              <conditions>
                <condition number="894" type="jump" coverage="100%" />
              </conditions>
            </line>
[...]
            <line number="150" hits="2" branch="False" />
            <line number="151" hits="5" branch="False" />
            <line number="152" hits="3" branch="False" />
            <line number="153" hits="0" branch="False" />
            <line number="154" hits="0" branch="False" />
            <line number="155" hits="0" branch="False" />
            <line number="156" hits="2" branch="True" condition-coverage="100% (2/2)">
              <conditions>
                <condition number="6" type="jump" coverage="100%" />
              </conditions>
            </line>
          </lines>
        </class>
        <class name="EdiProcessor.Core.Models.DailyVolume" filename="Models/Models.cs" line-rate="0" branch-rate="1" complexity="4">
          <methods>
            <method name="get_Date" signature="()" line-rate="0" branch-rate="1" complexity="1">
              <lines>
                <line number="161" hits="0" branch="False" />
              </lines>
            </method>
            <method name="get_Claims" signature="()" line-rate="0" branch-rate="1" complexity="1">
              <lines>
                <line number="162" hits="0" branch="False" />
              </lines>
            </method>
            <method name="get_Accepted" signature="()" line-rate="0" branch-rate="1" complexity="1">
              <lines>
                <line number="163" hits="0" branch="False" />
              </lines>
            </method>
            <method name="get_Rejected" signature="()" line-rate="0" branch-rate="1" complexity="1">
              <lines>
                <line number="164" hits="0" branch="False" />
              </lines>
            </method>
          </methods>
          <lines>
            <line number="161" hits="0" branch="False" />
            <line number="162" hits="0" branch="False" />
            <line number="163" hits="0" branch="False" />
            <line number="164" hits="0" branch="False" />
          </lines>
        </class>
        <class name="EdiProcessor.Core.Models.ClaimTypeMetric" filename="Models/Models.cs" line-rate="0" branch-rate="1" complexity="3">
          <methods>
            <method name="get_ClaimType" signature="()" line-rate="0" branch-rate="1" complexity="1">
              <lines>
                <line number="169" hits="0" branch="False" />
              </lines>
            </method>
            <method name="get_Count" signature="()" line-rate="0" branch-rate="1" complexity="1">
              <lines>
                <line number="170" hits="0" branch="False" />
              </lines>
            </method>
            <method name="get_TotalAmount" signature="()" line-rate="0" branch-rate="1" complexity="1">
              <lines>
                <line number="171" hits="0" branch="False" />
              </lines>
            </method>
          </methods>
          <lines>
            <line number="169" hits="0" branch="False" />
            <line number="170" hits="0" branch="False" />
            <line number="171" hits="0" branch="False" />
          </lines>
        </class>
        <class name="EdiProcessor.Core.Models.RecentTransaction" filename="Models/Models.cs" line-rate="0" branch-rate="1" complexity="7">
          <methods>
            <method name="get_Id" signature="()" line-rate="0" branch-rate="1" complexity="1">
              <lines>
                <line number="176" hits="0" branch="False" />
              </lines>
            </method>
            <method name="get_TradingPartner" signature="()" line-rate="0" branch-rate="1" complexity="1">
              <lines>
                <line number="177" hits="0" branch="False" />
              </lines>
            </method>
            <method name="get_TransactionType" signature="()" line-rate="0" branch-rate="1" complexity="1">
              <lines>
                <line number="178" hits="0" branch="False" />
              </lines>
            </method>
            <method name="get_ControlNumber" signature="()" line-rate="0" branch-rate="1" complexity="1">
              <lines>
                <line number="179" hits="0" branch="False" />
              </lines>
            </method>
            <method name="get_Status" signature="()" line-rate="0" branch-rate="1" complexity="1">
              <lines>
                <line number="180" hits="0" branch="False" />
              </lines>
            </method>
            <method name="get_ReceivedAt" signature="()" line-rate="0" branch-rate="1" complexity="1">
              <lines>
                <line number="181" hits="0" branch="False" />
              </lines>
            </method>
            <method name="get_ClaimCount" signature="()" line-rate="0" branch-rate="1" complexity="1">
              <lines>
                <line number="182" hits="0" branch="False" />
              </lines>
            </method>
          </methods>
          <lines>
            <line number="176" hits="0" branch="False" />
            <line number="177" hits="0" branch="False" />
            <line number="178" hits="0" branch="False" />
            <line number="179" hits="0" branch="False" />
            <line number="180" hits="0" branch="False" />
            <line number="181" hits="0" branch="False" />
            <line number="182" hits="0" branch="False" />
          </lines>
        </class>
        <class name="EdiProcessor.Core.Models.EdiUploadResult" filename="Models/Models.cs" line-rate="0" branch-rate="1" complexity="6">
          <methods>
            <method name="get_Success" signature="()" line-rate="0" branch-rate="1" complexity="1">
              <lines>
                <line number="187" hits="0" branch="False" />
              </lines>
            </method>
            <method name="get_Message" signature="()" line-rate="0" branch-rate="1" complexity="1">
              <lines>
                <line number="188" hits="0" branch="False" />
              </lines>
            </method>
            <method name="get_TransactionType" signature="()" line-rate="0" branch-rate="1" complexity="1">
              <lines>
                <line number="189" hits="0" branch="False" />
              </lines>
            </method>
            <method name="get_ControlNumber" signature="()" line-rate="0" branch-rate="1" complexity="1">
              <lines>
                <line number="190" hits="0" branch="False" />
              </lines>
            </method>
            <method name="get_ClaimsProcessed" signature="()" line-rate="0" branch-rate="1" complexity="1">
              <lines>
                <line number="191" hits="0" branch="False" />
              </lines>
            </method>
            <method name="get_Errors" signature="()" line-rate="0" branch-rate="1" complexity="1">
              <lines>
                <line number="192" hits="0" branch="False" />
              </lines>
            </method>
          </methods>
          <lines>
            <line number="187" hits="0" branch="False" />
            <line number="188" hits="0" branch="False" />
            <line number="189" hits="0" branch="False" />
            <line number="190" hits="0" branch="False" />
            <line number="191" hits="0" branch="False" />
            <line number="192" hits="0" branch="False" />
          </lines>
        </class>
        <class name="EdiProcessor.Core.Models.EdiWatcherOptions" filename="Models/WatcherModels.cs" line-rate="0" branch-rate="1" complexity="8">
          <methods>
            <method name="get_InboxPath" signature="()" line-rate="0" branch-rate="1" complexity="1">
              <lines>
                <line number="17" hits="0" branch="False" />
              </lines>
            </method>
            <method name="get_ProcessedPath" signature="()" line-rate="0" branch-rate="1" complexity="1">
              <lines>
                <line number="20" hits="0" branch="False" />
              </lines>
            </method>
            <method name="get_FailedPath" signature="()" line-rate="0" branch-rate="1" complexity="1">
              <lines>
                <line number="24" hits="0" branch="False" />
              </lines>
            </method>
            <method name="get_PollingIntervalSeconds" signature="()" line-rate="0" branch-rate="1" complexity="1">
              <lines>
                <line number="27" hits="0" branch="False" />
              </lines>
            </method>
            <method name="get_Extensions" signature="()" line-rate="0" branch-rate="1" complexity="1">
              <lines>
                <line number="30" hits="0" branch="False" />
              </lines>
            </method>
            <method name="get_UseFileSystemWatcher" signature="()" line-rate="0" branch-rate="1" complexity="1">
              <lines>
                <line number="34" hits="0" branch="False" />
              </lines>
            </method>
            <method name="get_FileLockRetrySeconds" signature="()" line-rate="0" branch-rate="1" complexity="1">
              <lines>
                <line number="38" hits="0" branch="False" />
              </lines>
            </method>
            <method name="get_DefaultTradingPartnerId" signature="()" line-rate="0" branch-rate="1" complexity="1">
              <lines>
                <line number="42" hits="0" branch="False" />
              </lines>
            </method>
          </methods>
          <lines>
            <line number="17" hits="0" branch="False" />
            <line number="20" hits="0" branch="False" />
            <line number="24" hits="0" branch="False" />
            <line number="27" hits="0" branch="False" />
            <line number="30" hits="0" branch="False" />
            <line number="34" hits="0" branch="False" />
            <line number="38" hits="0" branch="False" />
            <line number="42" hits="0" branch="False" />
          </lines>
        </class>
        <class name="EdiProcessor.Core.Models.FileProcessingLog" filename="Models/WatcherModels.cs" line-rate="0" branch-rate="1" complexity="15">
          <methods>
            <method name="get_Id" signature="()" line-rate="0" branch-rate="1" complexity="1">
              <lines>
                <line number="53" hits="0" branch="False" />
              </lines>
            </method>
            <method name="get_FileName" signature="()" line-rate="0" branch-rate="1" complexity="1">
              <lines>
                <line number="54" hits="0" branch="False" />
              </lines>
            </method>
            <method name="get_OriginalPath" signature="()" line-rate="0" branch-rate="1" complexity="1">
              <lines>
                <line number="55" hits="0" branch="False" />
              </lines>
            </method>
            <method name="get_FinalPath" signature="()" line-rate="0" branch-rate="1" complexity="1">
              <lines>
                <line number="56" hits="0" branch="False" />
              </lines>
            </method>
            <method name="get_FileSizeBytes" signature="()" line-rate="0" branch-rate="1" complexity="1">
              <lines>
                <line number="57" hits="0" branch="False" />
              </lines>
            </method>
            <method name="get_DetectedType" signature="()" line-rate="0" branch-rate="1" complexity="1">
              <lines>
                <line number="58" hits="0" branch="False" />
              </lines>
            </method>
            <method name="get_TradingPartnerId" signature="()" line-rate="0" branch-rate="1" complexity="1">
              <lines>
                <line number="59" hits="0" branch="False" />
              </lines>
            </method>
            <method name="get_Status" signature="()" line-rate="0" branch-rate="1" complexity="1">
              <lines>
                <line number="60" hits="0" branch="False" />
              </lines>
            </method>
            <method name="get_ErrorMessage" signature="()" line-rate="0" branch-rate="1" complexity="1">
              <lines>
                <line number="61" hits="0" branch="False" />
              </lines>
            </method>
            <method name="get_ControlNumber" signature="()" line-rate="0" branch-rate="1" complexity="1">
              <lines>
                <line number="62" hits="0" branch="False" />
              </lines>
            </method>
            <method name="get_ClaimsProcessed" signature="()" line-rate="0" branch-rate="1" complexity="1">
              <lines>
                <line number="63" hits="0" branch="False" />
              </lines>
            </method>
            <method name="get_PickedUpAt" signature="()" line-rate="0" branch-rate="1" complexity="1">
              <lines>
                <line number="64" hits="0" branch="False" />
              </lines>
            </method>
            <method name="get_CompletedAt" signature="()" line-rate="0" branch-rate="1" complexity="1">
              <lines>
                <line number="65" hits="0" branch="False" />
              </lines>
            </method>
            <method name="get_ProcessingDuration" signature="()" line-rate="0" branch-rate="1" complexity="1">
              <lines>
                <line number="66" hits="0" branch="False" />
              </lines>
            </method>
            <method name="get_Source" signature="()" line-rate="0" branch-rate="1" complexity="1">
              <lines>
                <line number="67" hits="0" branch="False" />
              </lines>
            </method>
          </methods>
          <lines>
            <line number="53" hits="0" branch="False" />
            <line number="54" hits="0" branch="False" />
            <line number="55" hits="0" branch="False" />
            <line number="56" hits="0" branch="False" />
            <line number="57" hits="0" branch="False" />
            <line number="58" hits="0" branch="False" />
            <line number="59" hits="0" branch="False" />
            <line number="60" hits="0" branch="False" />
            <line number="61" hits="0" branch="False" />
            <line number="62" hits="0" branch="False" />
            <line number="63" hits="0" branch="False" />
            <line number="64" hits="0" branch="False" />
            <line number="65" hits="0" branch="False" />
            <line number="66" hits="0" branch="False" />
            <line number="67" hits="0" branch="False" />
          </lines>
        </class>
        <class name="EdiProcessor.Core.Models.WatcherStatus" filename="Models/WatcherModels.cs" line-rate="0" branch-rate="1" complexity="14">
          <methods>
            <method name="get_IsRunning" signature="()" line-rate="0" branch-rate="1" complexity="1">
              <lines>
                <line number="74" hits="0" branch="False" />
              </lines>
            </method>
            <method name="get_InboxPath" signature="()" line-rate="0" branch-rate="1" complexity="1">
              <lines>
                <line number="75" hits="0" branch="False" />
              </lines>
            </method>
            <method name="get_ProcessedPath" signature="()" line-rate="0" branch-rate="1" complexity="1">
              <lines>
                <line number="76" hits="0" branch="False" />
              </lines>
            </method>
            <method name="get_FailedPath" signature="()" line-rate="0" branch-rate="1" complexity="1">
              <lines>
                <line number="77" hits="0" branch="False" />
              </lines>
            </method>
            <method name="get_PollingIntervalSeconds" signature="()" line-rate="0" branch-rate="1" complexity="1">
              <lines>
                <line number="78" hits="0" branch="False" />
              </lines>
            </method>
            <method name="get_FileSystemWatcherActive" signature="()" line-rate="0" branch-rate="1" complexity="1">
              <lines>
                <line number="79" hits="0" branch="False" />
              </lines>
            </method>
            <method name="get_LastScanAt" signature="()" line-rate="0" branch-rate="1" complexity="1">
              <lines>
                <line number="80" hits="0" branch="False" />
              </lines>
            </method>
            <method name="get_FilesPickedUpTotal" signature="()" line-rate="0" branch-rate="1" complexity="1">
              <lines>
                <line number="81" hits="0" branch="False" />
              </lines>
            </method>
            <method name="get_FilesSucceededTotal" signature="()" line-rate="0" branch-rate="1" complexity="1">
              <lines>
                <line number="82" hits="0" branch="False" />
              </lines>
            </method>
            <method name="get_FilesFailedTotal" signature="()" line-rate="0" branch-rate="1" complexity="1">
              <lines>
                <line number="83" hits="0" branch="False" />
              </lines>
            </method>
            <method name="get_FilesInInboxNow" signature="()" line-rate="0" branch-rate="1" complexity="1">
              <lines>
                <line number="84" hits="0" branch="False" />
              </lines>
            </method>
            <method name="get_WatchedExtensions" signature="()" line-rate="0" branch-rate="1" complexity="1">
              <lines>
                <line number="85" hits="0" branch="False" />
              </lines>
            </method>
            <method name="get_PartnerFolders" signature="()" line-rate="0" branch-rate="1" complexity="1">
              <lines>
                <line number="86" hits="0" branch="False" />
              </lines>
            </method>
            <method name="get_RecentLogs" signature="()" line-rate="0" branch-rate="1" complexity="1">
              <lines>
                <line number="87" hits="0" branch="False" />
              </lines>
            </method>
          </methods>
          <lines>
            <line number="74" hits="0" branch="False" />
            <line number="75" hits="0" branch="False" />
            <line number="76" hits="0" branch="False" />
            <line number="77" hits="0" branch="False" />
            <line number="78" hits="0" branch="False" />
            <line number="79" hits="0" branch="False" />
            <line number="80" hits="0" branch="False" />
            <line number="81" hits="0" branch="False" />
            <line number="82" hits="0" branch="False" />
            <line number="83" hits="0" branch="False" />
            <line number="84" hits="0" branch="False" />
            <line number="85" hits="0" branch="False" />
            <line number="86" hits="0" branch="False" />
            <line number="87" hits="0" branch="False" />
          </lines>
        </class>
        <class name="EdiProcessor.Core.Models.PartnerFolderInfo" filename="Models/WatcherModels.cs" line-rate="0" branch-rate="1" complexity="3">
          <methods>
            <method name="get_FolderName" signature="()" line-rate="0" branch-rate="1" complexity="1">
              <lines>
                <line number="92" hits="0" branch="False" />
              </lines>
            </method>
            <method name="get_MappedPartnerName" signature="()" line-rate="0" branch-rate="1" complexity="1">
              <lines>
                <line number="93" hits="0" branch="False" />
              </lines>
            </method>
            <method name="get_FilesWaiting" signature="()" line-rate="0" branch-rate="1" complexity="1">
              <lines>
                <line number="94" hits="0" branch="False" />
              </lines>
            </method>
          </methods>
          <lines>
            <line number="92" hits="0" branch="False" />
            <line number="93" hits="0" branch="False" />
            <line number="94" hits="0" branch="False" />
          </lines>
        </class>
      </classes>
    </package>
  </packages>
</coverage>